<?xml version="1.0" encoding="UTF-8"?>
<!-- Generated by org.testng.reporters.JUnitReportReporter -->
<testsuite hostname="DESKTOP-JC27NHE" failures="0" tests="1" name="Selleniun_start_projects.Selleniun_start_projects.AppTest" time="12.000" errors="0" timestamp="1 Mar 2024 13:19:38 GMT">
  <testcase classname="Selleniun_start_projects.Selleniun_start_projects.AppTest" name="equilateralTriangle" time="12.000"/>
</testsuite> <!-- Selleniun_start_projects.Selleniun_start_projects.AppTest -->
